  [1m[35m (3.1ms)[0m  [1m[34mSELECT sqlite_version(*)[0m
  [1m[35m (1.6ms)[0m  [1m[35mCREATE TABLE "schema_migrations" ("version" varchar NOT NULL PRIMARY KEY)[0m
  [1m[35m (1.7ms)[0m  [1m[35mCREATE TABLE "ar_internal_metadata" ("key" varchar NOT NULL PRIMARY KEY, "value" varchar, "created_at" datetime(6) NOT NULL, "updated_at" datetime(6) NOT NULL)[0m
  [1m[35m (0.3ms)[0m  [1m[34mSELECT "schema_migrations"."version" FROM "schema_migrations" ORDER BY "schema_migrations"."version" ASC[0m
Migrating to CreateTweets (20200128222405)
  [1m[35m (0.1ms)[0m  [1m[36mbegin transaction[0m
  [1m[35m (0.9ms)[0m  [1m[35mCREATE TABLE "tweets" ("id" integer PRIMARY KEY AUTOINCREMENT NOT NULL, "tweet" text, "created_at" datetime(6) NOT NULL, "updated_at" datetime(6) NOT NULL)[0m
  [1m[36mprimary::SchemaMigration Create (0.4ms)[0m  [1m[32mINSERT INTO "schema_migrations" ("version") VALUES (?)[0m  [["version", "20200128222405"]]
  [1m[35m (1.5ms)[0m  [1m[36mcommit transaction[0m
  [1m[36mActiveRecord::InternalMetadata Load (0.3ms)[0m  [1m[34mSELECT "ar_internal_metadata".* FROM "ar_internal_metadata" WHERE "ar_internal_metadata"."key" = ? LIMIT ?[0m  [["key", "environment"], ["LIMIT", 1]]
  [1m[35m (0.1ms)[0m  [1m[36mbegin transaction[0m
  [1m[36mActiveRecord::InternalMetadata Create (1.1ms)[0m  [1m[32mINSERT INTO "ar_internal_metadata" ("key", "value", "created_at", "updated_at") VALUES (?, ?, ?, ?)[0m  [["key", "environment"], ["value", "development"], ["created_at", "2020-01-28 22:32:05.984742"], ["updated_at", "2020-01-28 22:32:05.984742"]]
  [1m[35m (1.1ms)[0m  [1m[36mcommit transaction[0m
  [1m[35m (0.2ms)[0m  [1m[34mSELECT sqlite_version(*)[0m
  [1m[35m (0.2ms)[0m  [1m[34mSELECT "schema_migrations"."version" FROM "schema_migrations" ORDER BY "schema_migrations"."version" ASC[0m
  [1m[35m (0.5ms)[0m  [1m[34mSELECT sqlite_version(*)[0m
  [1m[35m (0.1ms)[0m  [1m[34mSELECT "schema_migrations"."version" FROM "schema_migrations" ORDER BY "schema_migrations"."version" ASC[0m
  [1m[36mActiveRecord::InternalMetadata Load (0.2ms)[0m  [1m[34mSELECT "ar_internal_metadata".* FROM "ar_internal_metadata" WHERE "ar_internal_metadata"."key" = ? LIMIT ?[0m  [["key", "environment"], ["LIMIT", 1]]
  [1m[35m (0.1ms)[0m  [1m[34mSELECT sqlite_version(*)[0m
  [1m[35m (0.1ms)[0m  [1m[34mSELECT "schema_migrations"."version" FROM "schema_migrations" ORDER BY "schema_migrations"."version" ASC[0m
  [1m[35m (0.4ms)[0m  [1m[34mSELECT sqlite_version(*)[0m
  [1m[35m (0.1ms)[0m  [1m[34mSELECT "schema_migrations"."version" FROM "schema_migrations" ORDER BY "schema_migrations"."version" ASC[0m
  [1m[36mActiveRecord::InternalMetadata Load (0.1ms)[0m  [1m[34mSELECT "ar_internal_metadata".* FROM "ar_internal_metadata" WHERE "ar_internal_metadata"."key" = ? LIMIT ?[0m  [["key", "environment"], ["LIMIT", 1]]
  [1m[35m (0.1ms)[0m  [1m[34mSELECT "schema_migrations"."version" FROM "schema_migrations" ORDER BY "schema_migrations"."version" ASC[0m
  [1m[35m (0.9ms)[0m  [1m[34mSELECT sqlite_version(*)[0m
  [1m[35m (0.4ms)[0m  [1m[34mSELECT "schema_migrations"."version" FROM "schema_migrations" ORDER BY "schema_migrations"."version" ASC[0m
  [1m[36mActiveRecord::InternalMetadata Load (0.6ms)[0m  [1m[34mSELECT "ar_internal_metadata".* FROM "ar_internal_metadata" WHERE "ar_internal_metadata"."key" = ? LIMIT ?[0m  [["key", "environment"], ["LIMIT", 1]]
  [1m[35m (0.1ms)[0m  [1m[34mSELECT sqlite_version(*)[0m
  [1m[35m (0.1ms)[0m  [1m[34mSELECT "schema_migrations"."version" FROM "schema_migrations" ORDER BY "schema_migrations"."version" ASC[0m
  [1m[35m (1.0ms)[0m  [1m[34mSELECT sqlite_version(*)[0m
  [1m[35m (0.4ms)[0m  [1m[34mSELECT "schema_migrations"."version" FROM "schema_migrations" ORDER BY "schema_migrations"."version" ASC[0m
  [1m[36mActiveRecord::InternalMetadata Load (0.5ms)[0m  [1m[34mSELECT "ar_internal_metadata".* FROM "ar_internal_metadata" WHERE "ar_internal_metadata"."key" = ? LIMIT ?[0m  [["key", "environment"], ["LIMIT", 1]]
  [1m[35m (0.0ms)[0m  [1m[34mSELECT sqlite_version(*)[0m
  [1m[35m (0.1ms)[0m  [1m[34mSELECT "schema_migrations"."version" FROM "schema_migrations" ORDER BY "schema_migrations"."version" ASC[0m
  [1m[35m (0.4ms)[0m  [1m[34mSELECT sqlite_version(*)[0m
  [1m[35m (0.1ms)[0m  [1m[34mSELECT "schema_migrations"."version" FROM "schema_migrations" ORDER BY "schema_migrations"."version" ASC[0m
  [1m[36mActiveRecord::InternalMetadata Load (0.1ms)[0m  [1m[34mSELECT "ar_internal_metadata".* FROM "ar_internal_metadata" WHERE "ar_internal_metadata"."key" = ? LIMIT ?[0m  [["key", "environment"], ["LIMIT", 1]]
  [1m[35m (0.1ms)[0m  [1m[34mSELECT sqlite_version(*)[0m
  [1m[35m (0.1ms)[0m  [1m[34mSELECT "schema_migrations"."version" FROM "schema_migrations" ORDER BY "schema_migrations"."version" ASC[0m
Started GET "/" for ::1 at 2020-01-28 18:09:30 -0500
  [1m[35m (0.4ms)[0m  [1m[34mSELECT sqlite_version(*)[0m
  [1m[35m (0.2ms)[0m  [1m[34mSELECT "schema_migrations"."version" FROM "schema_migrations" ORDER BY "schema_migrations"."version" ASC[0m
Processing by Rails::WelcomeController#index as HTML
  Rendering /Users/luna/.rbenv/versions/2.7.0/lib/ruby/gems/2.7.0/gems/railties-6.0.2.1/lib/rails/templates/rails/welcome/index.html.erb
  Rendered /Users/luna/.rbenv/versions/2.7.0/lib/ruby/gems/2.7.0/gems/railties-6.0.2.1/lib/rails/templates/rails/welcome/index.html.erb (Duration: 10.8ms | Allocations: 410)
Completed 200 OK in 60ms (Views: 50.2ms | ActiveRecord: 0.0ms | Allocations: 2373)


Started GET "/" for ::1 at 2020-01-28 18:10:58 -0500
  [1m[35m (0.1ms)[0m  [1m[34mSELECT sqlite_version(*)[0m
Processing by TweetsController#index as HTML
  Rendering tweets/index.html.erb within layouts/application
  [1m[36mTweet Load (0.6ms)[0m  [1m[34mSELECT "tweets".* FROM "tweets"[0m
  ↳ app/views/tweets/index.html.erb:14
  Rendered tweets/index.html.erb within layouts/application (Duration: 3.9ms | Allocations: 1291)
[Webpacker] Compiling...
[Webpacker] Compiled all packs in /Users/luna/Dev/gaslight-twitter/public/packs
[Webpacker] Hash: 53154d7baad00c6a1252
Version: webpack 4.41.5
Time: 2202ms
Built at: 01/28/2020 6:11:03 PM
                                     Asset       Size       Chunks                         Chunk Names
    js/application-0b67a3cc2fcde6055024.js    124 KiB  application  [emitted] [immutable]  application
js/application-0b67a3cc2fcde6055024.js.map    139 KiB  application  [emitted] [dev]        application
                             manifest.json  364 bytes               [emitted]              
Entrypoint application = js/application-0b67a3cc2fcde6055024.js js/application-0b67a3cc2fcde6055024.js.map
[./app/javascript/channels sync recursive _channel\.js$] ./app/javascript/channels sync _channel\.js$ 160 bytes {application} [built]
[./app/javascript/channels/index.js] 211 bytes {application} [built]
[./app/javascript/packs/application.js] 749 bytes {application} [built]
[./node_modules/webpack/buildin/module.js] (webpack)/buildin/module.js 552 bytes {application} [built]
    + 3 hidden modules

Completed 200 OK in 4469ms (Views: 4464.2ms | ActiveRecord: 1.0ms | Allocations: 22644)


Started GET "/tweets/new" for ::1 at 2020-01-28 18:11:06 -0500
Processing by TweetsController#new as HTML
  Rendering tweets/new.html.erb within layouts/application
  Rendered tweets/_form.html.erb (Duration: 21.5ms | Allocations: 3923)
  Rendered tweets/new.html.erb within layouts/application (Duration: 25.1ms | Allocations: 4260)
[Webpacker] Everything's up-to-date. Nothing to do
Completed 200 OK in 39ms (Views: 33.3ms | ActiveRecord: 0.3ms | Allocations: 10252)


Started POST "/tweets" for ::1 at 2020-01-28 18:11:20 -0500
Processing by TweetsController#create as HTML
  Parameters: {"authenticity_token"=>"kzXx/ZsuFaDUd0FEqN6+6GwVWbrawjLFQ8QWZma/Sa3WnzMscIGzVEywLEKgL14f4RtExZLKrnXYzzT/g7s+ng==", "tweet"=>{"tweet"=>"1st tweet"}, "commit"=>"Create Tweet"}
  [1m[35m (0.1ms)[0m  [1m[36mbegin transaction[0m
  ↳ app/controllers/tweets_controller.rb:30:in `block in create'
  [1m[36mTweet Create (0.9ms)[0m  [1m[32mINSERT INTO "tweets" ("tweet", "created_at", "updated_at") VALUES (?, ?, ?)[0m  [["tweet", "1st tweet"], ["created_at", "2020-01-28 23:11:20.170112"], ["updated_at", "2020-01-28 23:11:20.170112"]]
  ↳ app/controllers/tweets_controller.rb:30:in `block in create'
  [1m[35m (0.9ms)[0m  [1m[36mcommit transaction[0m
  ↳ app/controllers/tweets_controller.rb:30:in `block in create'
Redirected to http://localhost:3000/tweets/1
Completed 302 Found in 11ms (ActiveRecord: 1.8ms | Allocations: 2683)


Started GET "/tweets/1" for ::1 at 2020-01-28 18:11:20 -0500
Processing by TweetsController#show as HTML
  Parameters: {"id"=>"1"}
  [1m[36mTweet Load (0.3ms)[0m  [1m[34mSELECT "tweets".* FROM "tweets" WHERE "tweets"."id" = ? LIMIT ?[0m  [["id", 1], ["LIMIT", 1]]
  ↳ app/controllers/tweets_controller.rb:67:in `set_tweet'
  Rendering tweets/show.html.erb within layouts/application
  Rendered tweets/show.html.erb within layouts/application (Duration: 1.5ms | Allocations: 228)
[Webpacker] Everything's up-to-date. Nothing to do
Completed 200 OK in 18ms (Views: 12.4ms | ActiveRecord: 0.3ms | Allocations: 5123)


Started GET "/tweets" for ::1 at 2020-01-28 18:11:21 -0500
Processing by TweetsController#index as HTML
  Rendering tweets/index.html.erb within layouts/application
  [1m[36mTweet Load (0.2ms)[0m  [1m[34mSELECT "tweets".* FROM "tweets"[0m
  ↳ app/views/tweets/index.html.erb:14
  Rendered tweets/index.html.erb within layouts/application (Duration: 2.3ms | Allocations: 731)
[Webpacker] Everything's up-to-date. Nothing to do
Completed 200 OK in 12ms (Views: 10.7ms | ActiveRecord: 0.2ms | Allocations: 4565)


Started GET "/tweets" for ::1 at 2020-01-28 18:33:19 -0500
  [1m[35m (0.6ms)[0m  [1m[34mSELECT sqlite_version(*)[0m
  [1m[35m (0.2ms)[0m  [1m[34mSELECT "schema_migrations"."version" FROM "schema_migrations" ORDER BY "schema_migrations"."version" ASC[0m
Processing by TweetsController#index as HTML
  Rendering tweets/index.html.erb within layouts/application
  [1m[36mTweet Load (0.2ms)[0m  [1m[34mSELECT "tweets".* FROM "tweets"[0m
  ↳ app/views/tweets/index.html.erb:14
  Rendered tweets/index.html.erb within layouts/application (Duration: 15.9ms | Allocations: 3536)
[Webpacker] Everything's up-to-date. Nothing to do
Completed 200 OK in 74ms (Views: 59.5ms | ActiveRecord: 1.8ms | Allocations: 11628)


Started GET "/" for ::1 at 2020-01-28 18:33:21 -0500
Processing by TweetsController#index as HTML
  Rendering tweets/index.html.erb within layouts/application
  [1m[36mTweet Load (0.2ms)[0m  [1m[34mSELECT "tweets".* FROM "tweets"[0m
  ↳ app/views/tweets/index.html.erb:14
  Rendered tweets/index.html.erb within layouts/application (Duration: 3.5ms | Allocations: 735)
[Webpacker] Everything's up-to-date. Nothing to do
Completed 200 OK in 15ms (Views: 11.6ms | ActiveRecord: 0.2ms | Allocations: 4595)


Started GET "/" for ::1 at 2020-01-28 18:33:22 -0500
Processing by TweetsController#index as HTML
  Rendering tweets/index.html.erb within layouts/application
  [1m[36mTweet Load (0.1ms)[0m  [1m[34mSELECT "tweets".* FROM "tweets"[0m
  ↳ app/views/tweets/index.html.erb:14
  Rendered tweets/index.html.erb within layouts/application (Duration: 1.5ms | Allocations: 726)
[Webpacker] Everything's up-to-date. Nothing to do
Completed 200 OK in 8ms (Views: 7.6ms | ActiveRecord: 0.1ms | Allocations: 4588)


Started GET "/" for ::1 at 2020-01-28 18:33:23 -0500
Processing by TweetsController#index as HTML
  Rendering tweets/index.html.erb within layouts/application
  [1m[36mTweet Load (0.1ms)[0m  [1m[34mSELECT "tweets".* FROM "tweets"[0m
  ↳ app/views/tweets/index.html.erb:14
  Rendered tweets/index.html.erb within layouts/application (Duration: 1.5ms | Allocations: 726)
[Webpacker] Everything's up-to-date. Nothing to do
Completed 200 OK in 9ms (Views: 8.0ms | ActiveRecord: 0.1ms | Allocations: 4601)


Started DELETE "/tweets/1" for ::1 at 2020-01-28 18:33:31 -0500
Processing by TweetsController#destroy as HTML
  Parameters: {"authenticity_token"=>"+vVKuwXkhwo1vTPesScfIV8hph0SXn3hUkUyn/4+mArkFNpsofYokPXhdmsdKtAaRxTNkeBHGRId3Of6mvfrcQ==", "id"=>"1"}
  [1m[36mTweet Load (0.3ms)[0m  [1m[34mSELECT "tweets".* FROM "tweets" WHERE "tweets"."id" = ? LIMIT ?[0m  [["id", 1], ["LIMIT", 1]]
  ↳ app/controllers/tweets_controller.rb:67:in `set_tweet'
  [1m[35m (0.1ms)[0m  [1m[36mbegin transaction[0m
  ↳ app/controllers/tweets_controller.rb:57:in `destroy'
  [1m[36mTweet Destroy (0.7ms)[0m  [1m[31mDELETE FROM "tweets" WHERE "tweets"."id" = ?[0m  [["id", 1]]
  ↳ app/controllers/tweets_controller.rb:57:in `destroy'
  [1m[35m (0.9ms)[0m  [1m[36mcommit transaction[0m
  ↳ app/controllers/tweets_controller.rb:57:in `destroy'
Redirected to http://localhost:3000/tweets
Completed 302 Found in 11ms (ActiveRecord: 2.0ms | Allocations: 2997)


Started GET "/tweets" for ::1 at 2020-01-28 18:33:31 -0500
Processing by TweetsController#index as HTML
  Rendering tweets/index.html.erb within layouts/application
  [1m[36mTweet Load (0.2ms)[0m  [1m[34mSELECT "tweets".* FROM "tweets"[0m
  ↳ app/views/tweets/index.html.erb:14
  Rendered tweets/index.html.erb within layouts/application (Duration: 1.9ms | Allocations: 598)
[Webpacker] Everything's up-to-date. Nothing to do
Completed 200 OK in 12ms (Views: 9.6ms | ActiveRecord: 0.2ms | Allocations: 4459)


Started GET "/" for ::1 at 2020-01-28 18:33:35 -0500
Processing by TweetsController#index as HTML
  Rendering tweets/index.html.erb within layouts/application
  [1m[36mTweet Load (0.1ms)[0m  [1m[34mSELECT "tweets".* FROM "tweets"[0m
  ↳ app/views/tweets/index.html.erb:14
  Rendered tweets/index.html.erb within layouts/application (Duration: 1.1ms | Allocations: 595)
[Webpacker] Everything's up-to-date. Nothing to do
Completed 200 OK in 10ms (Views: 9.6ms | ActiveRecord: 0.1ms | Allocations: 4455)


